2023-11-21 15:05:27,398 INFO    MainThread:30496 [wandb_setup.py:_flush():76] Current SDK version is 0.16.0
2023-11-21 15:05:27,398 INFO    MainThread:30496 [wandb_setup.py:_flush():76] Configure stats pid to 30496
2023-11-21 15:05:27,398 INFO    MainThread:30496 [wandb_setup.py:_flush():76] Loading settings from C:\Users\rs1044\.config\wandb\settings
2023-11-21 15:05:27,398 INFO    MainThread:30496 [wandb_setup.py:_flush():76] Loading settings from c:\Users\rs1044\Documents\GitHub\Mixture-of-Experts-based-Federated-Learning-for-Energy-Forecasting\src\datastreams\wandb\settings
2023-11-21 15:05:27,398 INFO    MainThread:30496 [wandb_setup.py:_flush():76] Loading settings from environment variables: {}
2023-11-21 15:05:27,398 INFO    MainThread:30496 [wandb_setup.py:_flush():76] Applying setup settings: {'_disable_service': False}
2023-11-21 15:05:27,399 INFO    MainThread:30496 [wandb_setup.py:_flush():76] Inferring run settings from compute environment: {'program': '<python with no main file>'}
2023-11-21 15:05:27,399 INFO    MainThread:30496 [wandb_init.py:_log_setup():524] Logging user logs to c:\Users\rs1044\Documents\GitHub\Mixture-of-Experts-based-Federated-Learning-for-Energy-Forecasting\src\datastreams\wandb\run-20231121_150527-qe2p86p1\logs\debug.log
2023-11-21 15:05:27,399 INFO    MainThread:30496 [wandb_init.py:_log_setup():525] Logging internal logs to c:\Users\rs1044\Documents\GitHub\Mixture-of-Experts-based-Federated-Learning-for-Energy-Forecasting\src\datastreams\wandb\run-20231121_150527-qe2p86p1\logs\debug-internal.log
2023-11-21 15:05:27,399 INFO    MainThread:30496 [wandb_init.py:_jupyter_setup():470] configuring jupyter hooks <wandb.sdk.wandb_init._WandbInit object at 0x0000020E0A4B8950>
2023-11-21 15:05:27,399 INFO    MainThread:30496 [wandb_init.py:init():564] calling init triggers
2023-11-21 15:05:27,399 INFO    MainThread:30496 [wandb_init.py:init():571] wandb.init called with sweep_config: {}
config: {}
2023-11-21 15:05:27,399 INFO    MainThread:30496 [wandb_init.py:init():614] starting backend
2023-11-21 15:05:27,400 INFO    MainThread:30496 [wandb_init.py:init():618] setting up manager
2023-11-21 15:05:27,401 INFO    MainThread:30496 [backend.py:_multiprocessing_setup():105] multiprocessing start_methods=spawn, using: spawn
2023-11-21 15:05:27,403 INFO    MainThread:30496 [wandb_init.py:init():624] backend started and connected
2023-11-21 15:05:27,406 INFO    MainThread:30496 [wandb_run.py:_label_probe_notebook():1294] probe notebook
2023-11-21 15:05:27,406 INFO    MainThread:30496 [wandb_run.py:_label_probe_notebook():1304] Unable to probe notebook: 'NoneType' object has no attribute 'get'
2023-11-21 15:05:27,406 INFO    MainThread:30496 [wandb_init.py:init():716] updated telemetry
2023-11-21 15:05:27,529 INFO    MainThread:30496 [wandb_init.py:init():749] communicating run to backend with 90.0 second timeout
2023-11-21 15:05:28,140 INFO    MainThread:30496 [wandb_run.py:_on_init():2254] communicating current version
2023-11-21 15:05:28,475 INFO    MainThread:30496 [wandb_run.py:_on_init():2263] got version response 
2023-11-21 15:05:28,475 INFO    MainThread:30496 [wandb_init.py:init():800] starting run threads in backend
2023-11-21 15:05:28,716 INFO    MainThread:30496 [wandb_run.py:_console_start():2233] atexit reg
2023-11-21 15:05:28,716 INFO    MainThread:30496 [wandb_run.py:_redirect():2088] redirect: wrap_raw
2023-11-21 15:05:28,716 INFO    MainThread:30496 [wandb_run.py:_redirect():2153] Wrapping output streams.
2023-11-21 15:05:28,716 INFO    MainThread:30496 [wandb_run.py:_redirect():2178] Redirects installed.
2023-11-21 15:05:28,717 INFO    MainThread:30496 [wandb_init.py:init():841] run started, returning control to user process
2023-11-21 15:05:28,717 INFO    MainThread:30496 [wandb_run.py:_config_callback():1342] config_cb None None {'sequence_length': 25, 'batch_size': 16, 'num_features': 8, 'horizon': 1, 'max_epochs': 100, 'dense_architecture': 'L3_U16', 'dense_layers': 3, 'dense_units': 16}
2023-11-21 15:05:28,937 INFO    MainThread:30496 [jupyter.py:save_ipynb():373] not saving jupyter notebook
2023-11-21 15:05:28,937 INFO    MainThread:30496 [wandb_init.py:_pause_backend():435] pausing backend
2023-11-21 15:05:28,942 INFO    MainThread:30496 [wandb_init.py:_resume_backend():440] resuming backend
2023-11-21 15:05:29,177 INFO    MainThread:30496 [jupyter.py:save_ipynb():373] not saving jupyter notebook
2023-11-21 15:05:29,178 INFO    MainThread:30496 [wandb_init.py:_pause_backend():435] pausing backend
2023-11-21 15:05:29,182 INFO    MainThread:30496 [wandb_init.py:_resume_backend():440] resuming backend
2023-11-21 15:05:29,183 INFO    MainThread:30496 [jupyter.py:save_ipynb():373] not saving jupyter notebook
2023-11-21 15:05:29,183 INFO    MainThread:30496 [wandb_init.py:_pause_backend():435] pausing backend
2023-11-21 15:05:30,755 INFO    MainThread:30496 [wandb_init.py:_resume_backend():440] resuming backend
2023-11-21 15:05:30,758 INFO    MainThread:30496 [jupyter.py:save_ipynb():373] not saving jupyter notebook
2023-11-21 15:05:30,758 INFO    MainThread:30496 [wandb_init.py:_pause_backend():435] pausing backend
2023-11-21 15:05:46,462 INFO    MainThread:30496 [wandb_init.py:_resume_backend():440] resuming backend
2023-11-21 15:05:46,614 INFO    MainThread:30496 [wandb_watch.py:watch():51] Watching
2023-11-21 15:05:46,615 ERROR   MainThread:30496 [util.py:get_module():267] Error importing optional module torch
Traceback (most recent call last):
  File "c:\Users\rs1044\Documents\GitHub\Mixture-of-Experts-based-Federated-Learning-for-Energy-Forecasting\.venv\Lib\site-packages\wandb\util.py", line 233, in import_module_lazy
    return sys.modules[name]
           ~~~~~~~~~~~^^^^^^
KeyError: 'torch'

During handling of the above exception, another exception occurred:

Traceback (most recent call last):
  File "c:\Users\rs1044\Documents\GitHub\Mixture-of-Experts-based-Federated-Learning-for-Energy-Forecasting\.venv\Lib\site-packages\wandb\util.py", line 262, in get_module
    return import_module_lazy(name)
           ^^^^^^^^^^^^^^^^^^^^^^^^
  File "c:\Users\rs1044\Documents\GitHub\Mixture-of-Experts-based-Federated-Learning-for-Energy-Forecasting\.venv\Lib\site-packages\wandb\util.py", line 237, in import_module_lazy
    raise ModuleNotFoundError
ModuleNotFoundError
2023-11-21 15:05:46,750 INFO    MainThread:30496 [jupyter.py:save_ipynb():373] not saving jupyter notebook
2023-11-21 15:05:46,750 INFO    MainThread:30496 [wandb_init.py:_pause_backend():435] pausing backend
2023-11-21 15:06:27,519 INFO    MainThread:30496 [wandb_init.py:_resume_backend():440] resuming backend
2023-11-21 15:06:27,648 INFO    MainThread:30496 [jupyter.py:save_ipynb():373] not saving jupyter notebook
2023-11-21 15:06:27,648 INFO    MainThread:30496 [wandb_init.py:_pause_backend():435] pausing backend
2023-11-21 15:08:13,289 INFO    MainThread:30496 [wandb_init.py:_resume_backend():440] resuming backend
2023-11-21 15:08:13,346 INFO    MainThread:30496 [jupyter.py:save_ipynb():373] not saving jupyter notebook
2023-11-21 15:08:13,346 INFO    MainThread:30496 [wandb_init.py:_pause_backend():435] pausing backend
2023-11-21 15:08:24,232 INFO    MainThread:30496 [wandb_init.py:_resume_backend():440] resuming backend
2023-11-21 15:09:06,067 INFO    MainThread:30496 [wandb_run.py:_finish():1962] finishing run ipe/test-wandb-tracking/qe2p86p1
2023-11-21 15:09:06,068 ERROR   MainThread:30496 [jupyter.py:save_history():437] Run pip install nbformat to save notebook history
2023-11-21 15:09:06,068 INFO    MainThread:30496 [jupyter.py:save_ipynb():373] not saving jupyter notebook
2023-11-21 15:09:06,068 INFO    MainThread:30496 [wandb_init.py:_jupyter_teardown():452] cleaning up jupyter logic
2023-11-21 15:09:06,068 INFO    MainThread:30496 [wandb_run.py:_atexit_cleanup():2202] got exitcode: 0
2023-11-21 15:09:06,068 INFO    MainThread:30496 [wandb_run.py:_restore():2185] restore
2023-11-21 15:09:06,069 INFO    MainThread:30496 [wandb_run.py:_restore():2191] restore done
2023-11-21 15:10:09,630 INFO    MainThread:30496 [wandb_run.py:_footer_history_summary_info():3760] rendering history
2023-11-21 15:10:09,631 INFO    MainThread:30496 [wandb_run.py:_footer_history_summary_info():3792] rendering summary
2023-11-21 15:10:09,636 INFO    MainThread:30496 [wandb_run.py:_footer_sync_info():3719] logging synced files
